<?xml version="1.0" encoding="UTF-8"?>
<Site BuildName="(empty)"
	BuildStamp="20230117-0913-Experimental"
	Name="(empty)"
	Generator="ctest-3.16.3"
	CompilerName=""
	CompilerVersion=""
	OSName="Linux"
	Hostname="ubuntu-HP-ZHAN-99-Pro-A-G4-Microtower-PC"
	OSRelease="5.15.0-57-generic"
	OSVersion="#63~20.04.1-Ubuntu SMP Wed Nov 30 13:40:16 UTC 2022"
	OSPlatform="x86_64"
	Is64Bits="1"
	VendorString="AuthenticAMD"
	VendorID="Advanced Micro Devices"
	FamilyID="25"
	ModelID="80"
	ProcessorCacheSize="512"
	NumberOfLogicalCPU="12"
	NumberOfPhysicalCPU="6"
	TotalVirtualMemory="2047"
	TotalPhysicalMemory="31432"
	LogicalProcessorsPerPhysical="2"
	ProcessorClockFrequency="1400"
	>
	<Testing>
		<StartDateTime>Jan 17 17:13 CST</StartDateTime>
		<StartTestTime>1673946781</StartTestTime>
		<TestList/>
		<EndDateTime>Jan 17 17:13 CST</EndDateTime>
		<EndTestTime>1673946781</EndTestTime>
		<ElapsedMinutes>0</ElapsedMinutes>
	</Testing>
</Site>
