<?xml version="1.0" encoding="UTF-8"?>
<Site BuildName="Linux-c++"
	BuildStamp="20230117-0914-Experimental"
	Name="ubuntu-HP-ZHAN-99-Pro-A-G4-Microtower-PC"
	Generator="ctest-3.16.3"
	CompilerName="/usr/bin/c++"
	CompilerVersion="9.4.0"
	OSName="Linux"
	Hostname="ubuntu-HP-ZHAN-99-Pro-A-G4-Microtower-PC"
	OSRelease="5.15.0-57-generic"
	OSVersion="#63~20.04.1-Ubuntu SMP Wed Nov 30 13:40:16 UTC 2022"
	OSPlatform="x86_64"
	Is64Bits="1"
	VendorString="AuthenticAMD"
	VendorID="Advanced Micro Devices"
	FamilyID="25"
	ModelID="80"
	ProcessorCacheSize="512"
	NumberOfLogicalCPU="12"
	NumberOfPhysicalCPU="6"
	TotalVirtualMemory="2047"
	TotalPhysicalMemory="31432"
	LogicalProcessorsPerPhysical="2"
	ProcessorClockFrequency="4441.64"
	>
	<Configure>
		<StartDateTime>Jan 17 17:14 CST</StartDateTime>
		<StartConfigureTime>1673946887</StartConfigureTime>
		<ConfigureCommand>"/usr/bin/cmake" "/home/qiwentao/project/camke_study/cmake-3.25.1-tutorial-source/Step6"</ConfigureCommand>
		<Log>-- Configuring done
-- Generating done
-- Build files have been written to: /home/qiwentao/project/camke_study/cmake-3.25.1-tutorial-source/Step6/build
</Log>
		<ConfigureStatus>0</ConfigureStatus>
		<EndDateTime>Jan 17 17:14 CST</EndDateTime>
		<EndConfigureTime>1673946887</EndConfigureTime>
		<ElapsedMinutes>0</ElapsedMinutes>
	</Configure>
</Site>
